<?xml version="1.0" encoding="UTF-8"?>
<testng-results ignored="0" total="0" passed="0" failed="0" skipped="0">
  <reporter-output>
  </reporter-output>
  <suite started-at="2022-10-05T15:06:09 EEST" name="UnitTest" finished-at="2022-10-05T15:06:09 EEST" duration-ms="29">
    <groups>
    </groups>
    <test started-at="2022-10-05T15:06:09 EEST" name="Command line test" finished-at="2022-10-05T15:06:09 EEST" duration-ms="29">
    </test> <!-- Command line test -->
  </suite> <!-- UnitTest -->
</testng-results>
